# JRE version: OpenJDK Runtime Environment (8.0_212-b04) (build 1.8.0_212-release-1586-b04)
# Java VM: OpenJDK 64-Bit Server VM (25.212-b04 mixed mode windows-amd64 compressed oops)
Heap:
 PSYoungGen      total 228352K, used 193985K [0x00000000e0000000, 0x00000000f1780000, 0x0000000100000000)
  eden space 220672K, 84% used [0x00000000e0000000,0x00000000eb5fe100,0x00000000ed780000)
  from space 7680K, 99% used [0x00000000f1000000,0x00000000f1772428,0x00000000f1780000)
  to   space 26624K, 0% used [0x00000000ee380000,0x00000000ee380000,0x00000000efd80000)
 ParOldGen       total 136704K, used 58845K [0x00000000a0000000, 0x00000000a8580000, 0x00000000e0000000)
  object space 136704K, 43% used [0x00000000a0000000,0x00000000a39776c0,0x00000000a8580000)
 Metaspace       used 87736K, capacity 91765K, committed 91904K, reserved 1128448K
  class space    used 11475K, capacity 12276K, committed 12288K, reserved 1048576K
GC Heap History (10 events):
Event: 24.090 GC heap before
{Heap before GC invocations=17 (full 3):
 PSYoungGen      total 185344K, used 176938K [0x00000000e0000000, 0x00000000ee980000, 0x0000000100000000)
  eden space 166912K, 100% used [0x00000000e0000000,0x00000000ea300000,0x00000000ea300000)
  from space 18432K, 54% used [0x00000000ea300000,0x00000000eacca818,0x00000000eb500000)
  to   space 17920K, 0% used [0x00000000ed800000,0x00000000ed800000,0x00000000ee980000)
 ParOldGen       total 136704K, used 31114K [0x00000000a0000000, 0x00000000a8580000, 0x00000000e0000000)
  object space 136704K, 22% used [0x00000000a0000000,0x00000000a1e62978,0x00000000a8580000)
 Metaspace       used 65418K, capacity 67773K, committed 68096K, reserved 1107968K
  class space    used 8871K, capacity 9402K, committed 9472K, reserved 1048576K
Event: 24.134 GC heap after
Heap after GC invocations=17 (full 3):
 PSYoungGen      total 216576K, used 17906K [0x00000000e0000000, 0x00000000eee80000, 0x0000000100000000)
  eden space 198656K, 0% used [0x00000000e0000000,0x00000000e0000000,0x00000000ec200000)
  from space 17920K, 99% used [0x00000000ed800000,0x00000000ee97cbc8,0x00000000ee980000)
  to   space 22528K, 0% used [0x00000000ec200000,0x00000000ec200000,0x00000000ed800000)
 ParOldGen       total 136704K, used 36038K [0x00000000a0000000, 0x00000000a8580000, 0x00000000e0000000)
  object space 136704K, 26% used [0x00000000a0000000,0x00000000a2331ba8,0x00000000a8580000)
 Metaspace       used 65418K, capacity 67773K, committed 68096K, reserved 1107968K
  class space    used 8871K, capacity 9402K, committed 9472K, reserved 1048576K
}
Event: 30.271 GC heap before
{Heap before GC invocations=18 (full 3):
 PSYoungGen      total 216576K, used 216562K [0x00000000e0000000, 0x00000000eee80000, 0x0000000100000000)
  eden space 198656K, 100% used [0x00000000e0000000,0x00000000ec200000,0x00000000ec200000)
  from space 17920K, 99% used [0x00000000ed800000,0x00000000ee97cbc8,0x00000000ee980000)
  to   space 22528K, 0% used [0x00000000ec200000,0x00000000ec200000,0x00000000ed800000)
 ParOldGen       total 136704K, used 36038K [0x00000000a0000000, 0x00000000a8580000, 0x00000000e0000000)
  object space 136704K, 26% used [0x00000000a0000000,0x00000000a2331ba8,0x00000000a8580000)
 Metaspace       used 80656K, capacity 83997K, committed 84096K, reserved 1122304K
  class space    used 10976K, capacity 11640K, committed 11648K, reserved 1048576K
Event: 30.344 GC heap after
Heap after GC invocations=18 (full 3):
 PSYoungGen      total 221184K, used 15241K [0x00000000e0000000, 0x00000000f1280000, 0x0000000100000000)
  eden space 198656K, 0% used [0x00000000e0000000,0x00000000e0000000,0x00000000ec200000)
  from space 22528K, 67% used [0x00000000ec200000,0x00000000ed0e27f0,0x00000000ed800000)
  to   space 23040K, 0% used [0x00000000efc00000,0x00000000efc00000,0x00000000f1280000)
 ParOldGen       total 136704K, used 49505K [0x00000000a0000000, 0x00000000a8580000, 0x00000000e0000000)
  object space 136704K, 36% used [0x00000000a0000000,0x00000000a30586b0,0x00000000a8580000)
 Metaspace       used 80656K, capacity 83997K, committed 84096K, reserved 1122304K
  class space    used 10976K, capacity 11640K, committed 11648K, reserved 1048576K
}
Event: 775.443 GC heap before
{Heap before GC invocations=19 (full 3):
 PSYoungGen      total 221184K, used 213897K [0x00000000e0000000, 0x00000000f1280000, 0x0000000100000000)
  eden space 198656K, 100% used [0x00000000e0000000,0x00000000ec200000,0x00000000ec200000)
  from space 22528K, 67% used [0x00000000ec200000,0x00000000ed0e27f0,0x00000000ed800000)
  to   space 23040K, 0% used [0x00000000efc00000,0x00000000efc00000,0x00000000f1280000)
 ParOldGen       total 136704K, used 49505K [0x00000000a0000000, 0x00000000a8580000, 0x00000000e0000000)
  object space 136704K, 36% used [0x00000000a0000000,0x00000000a30586b0,0x00000000a8580000)
 Metaspace       used 85938K, capacity 89657K, committed 89856K, reserved 1126400K
  class space    used 11419K, capacity 12190K, committed 12288K, reserved 1048576K
Event: 775.480 GC heap after
Heap after GC invocations=19 (full 3):
 PSYoungGen      total 243712K, used 13036K [0x00000000e0000000, 0x00000000f0b00000, 0x0000000100000000)
  eden space 228352K, 0% used [0x00000000e0000000,0x00000000e0000000,0x00000000edf00000)
  from space 15360K, 84% used [0x00000000efc00000,0x00000000f08bb3f8,0x00000000f0b00000)
  to   space 22528K, 0% used [0x00000000edf00000,0x00000000edf00000,0x00000000ef500000)
 ParOldGen       total 136704K, used 49513K [0x00000000a0000000, 0x00000000a8580000, 0x00000000e0000000)
  object space 136704K, 36% used [0x00000000a0000000,0x00000000a305a6b0,0x00000000a8580000)
 Metaspace       used 85938K, capacity 89657K, committed 89856K, reserved 1126400K
  class space    used 11419K, capacity 12190K, committed 12288K, reserved 1048576K
}
Event: 781.065 GC heap before
{Heap before GC invocations=20 (full 3):
 PSYoungGen      total 243712K, used 241388K [0x00000000e0000000, 0x00000000f0b00000, 0x0000000100000000)
  eden space 228352K, 100% used [0x00000000e0000000,0x00000000edf00000,0x00000000edf00000)
  from space 15360K, 84% used [0x00000000efc00000,0x00000000f08bb3f8,0x00000000f0b00000)
  to   space 22528K, 0% used [0x00000000edf00000,0x00000000edf00000,0x00000000ef500000)
 ParOldGen       total 136704K, used 49513K [0x00000000a0000000, 0x00000000a8580000, 0x00000000e0000000)
  object space 136704K, 36% used [0x00000000a0000000,0x00000000a305a6b0,0x00000000a8580000)
 Metaspace       used 86588K, capacity 90371K, committed 90624K, reserved 1128448K
  class space    used 11437K, capacity 12211K, committed 12288K, reserved 1048576K
Event: 781.136 GC heap after
Heap after GC invocations=20 (full 3):
 PSYoungGen      total 250880K, used 22522K [0x00000000e0000000, 0x00000000f2a80000, 0x0000000100000000)
  eden space 228352K, 0% used [0x00000000e0000000,0x00000000e0000000,0x00000000edf00000)
  from space 22528K, 99% used [0x00000000edf00000,0x00000000ef4fe850,0x00000000ef500000)
  to   space 27136K, 0% used [0x00000000f1000000,0x00000000f1000000,0x00000000f2a80000)
 ParOldGen       total 136704K, used 53576K [0x00000000a0000000, 0x00000000a8580000, 0x00000000e0000000)
  object space 136704K, 39% used [0x00000000a0000000,0x00000000a3452020,0x00000000a8580000)
 Metaspace       used 86588K, capacity 90371K, committed 90624K, reserved 1128448K
  class space    used 11437K, capacity 12211K, committed 12288K, reserved 1048576K
}
Event: 2073.788 GC heap before
{Heap before GC invocations=21 (full 3):
 PSYoungGen      total 250880K, used 250874K [0x00000000e0000000, 0x00000000f2a80000, 0x0000000100000000)
  eden space 228352K, 100% used [0x00000000e0000000,0x00000000edf00000,0x00000000edf00000)
  from space 22528K, 99% used [0x00000000edf00000,0x00000000ef4fe850,0x00000000ef500000)
  to   space 27136K, 0% used [0x00000000f1000000,0x00000000f1000000,0x00000000f2a80000)
 ParOldGen       total 136704K, used 53576K [0x00000000a0000000, 0x00000000a8580000, 0x00000000e0000000)
  object space 136704K, 39% used [0x00000000a0000000,0x00000000a3452020,0x00000000a8580000)
 Metaspace       used 87420K, capacity 91435K, committed 91648K, reserved 1128448K
  class space    used 11474K, capacity 12275K, committed 12288K, reserved 1048576K
Event: 2073.815 GC heap after
Heap after GC invocations=21 (full 3):
 PSYoungGen      total 228352K, used 7625K [0x00000000e0000000, 0x00000000f1780000, 0x0000000100000000)
  eden space 220672K, 0% used [0x00000000e0000000,0x00000000e0000000,0x00000000ed780000)
  from space 7680K, 99% used [0x00000000f1000000,0x00000000f1772428,0x00000000f1780000)
  to   space 26624K, 0% used [0x00000000ee380000,0x00000000ee380000,0x00000000efd80000)
 ParOldGen       total 136704K, used 58845K [0x00000000a0000000, 0x00000000a8580000, 0x00000000e0000000)
  object space 136704K, 43% used [0x00000000a0000000,0x00000000a39776c0,0x00000000a8580000)
 Metaspace       used 87420K, capacity 91435K, committed 91648K, reserved 1128448K
  class space    used 11474K, capacity 12275K, committed 12288K, reserved 1048576K
}

